MOLPayXDKProject/app/build/intermediates/manifest_merge_blame_file/debug/manifest-merger-blame-debug-report.txt
1<?xml version="1.0" encoding="utf-8"?>
2<manifest xmlns:android="http://schemas.android.com/apk/res/android"
3    package="com.molpay.molpayxdkproject"
4    android:versionCode="1"
5    android:versionName="1.0" >
6
7    <uses-sdk
8        android:minSdkVersion="16"
8-->src/main/AndroidManifest.xml
9        android:targetSdkVersion="32" />
9-->src/main/AndroidManifest.xml
10
11    <uses-permission android:name="android.permission.INTERNET" />
11-->src/main/AndroidManifest.xml:5:5-66
11-->src/main/AndroidManifest.xml:5:22-64
12    <uses-permission android:name="android.permission.WRITE_EXTERNAL_STORAGE" />
12-->[:molpayxdk] AndroidManifest.xml:10:5-81
12-->[:molpayxdk] AndroidManifest.xml:10:22-78
13    <uses-permission android:name="android.permission.READ_EXTERNAL_STORAGE" />
14
15    <application
15-->src/main/AndroidManifest.xml:7:5-42:19
16        android:allowBackup="true"
16-->src/main/AndroidManifest.xml:8:9-35
17        android:appComponentFactory="androidx.core.app.CoreComponentFactory"
17-->[androidx.core:core:1.7.0] AndroidManifest.xml:24:18-86
18        android:debuggable="true"
19        android:icon="@mipmap/ic_launcher"
19-->src/main/AndroidManifest.xml:9:9-43
20        android:label="@string/app_name"
20-->src/main/AndroidManifest.xml:10:9-41
21        android:supportsRtl="true"
21-->src/main/AndroidManifest.xml:11:9-35
22        android:testOnly="true"
23        android:theme="@style/AppTheme" >
23-->src/main/AndroidManifest.xml:12:9-40
24        <activity
24-->src/main/AndroidManifest.xml:13:9-24:20
25            android:name="com.molpay.molpayxdkproject.MainActivity"
25-->src/main/AndroidManifest.xml:14:13-41
26            android:exported="true"
26-->src/main/AndroidManifest.xml:18:13-36
27            android:label="@string/app_name"
27-->src/main/AndroidManifest.xml:16:13-45
28            android:launchMode="singleTask"
28-->src/main/AndroidManifest.xml:15:13-44
29            android:theme="@style/AppTheme.NoActionBar" >
29-->src/main/AndroidManifest.xml:17:13-56
30            <intent-filter>
30-->src/main/AndroidManifest.xml:19:13-23:29
31                <action android:name="android.intent.action.MAIN" />
31-->src/main/AndroidManifest.xml:20:17-69
31-->src/main/AndroidManifest.xml:20:25-66
32
33                <category android:name="android.intent.category.LAUNCHER" />
33-->src/main/AndroidManifest.xml:22:17-77
33-->src/main/AndroidManifest.xml:22:27-74
34            </intent-filter>
35        </activity>
36        <activity
36-->src/main/AndroidManifest.xml:26:9-39:20
37            android:name="com.molpay.molpayxdkproject.DeepLinkActivity"
37-->src/main/AndroidManifest.xml:26:19-51
38            android:exported="true"
38-->src/main/AndroidManifest.xml:28:13-36
39            android:launchMode="singleTask" >
39-->src/main/AndroidManifest.xml:27:13-44
40            <intent-filter>
40-->src/main/AndroidManifest.xml:30:13-38:29
41                <action android:name="android.intent.action.VIEW" />
41-->src/main/AndroidManifest.xml:31:17-69
41-->src/main/AndroidManifest.xml:31:25-66
42
43                <category android:name="android.intent.category.DEFAULT" />
43-->src/main/AndroidManifest.xml:33:17-76
43-->src/main/AndroidManifest.xml:33:27-73
44                <category android:name="android.intent.category.BROWSABLE" />
44-->src/main/AndroidManifest.xml:34:17-78
44-->src/main/AndroidManifest.xml:34:27-75
45
46                <data android:scheme="testappurl" />
46-->src/main/AndroidManifest.xml:36:17-37:51
46-->src/main/AndroidManifest.xml:37:21-48
47            </intent-filter>
48        </activity>
49        <activity
49-->src/main/AndroidManifest.xml:40:9-41:31
50            android:name="com.molpay.molpayxdk.MOLPayActivity"
50-->src/main/AndroidManifest.xml:40:19-69
51            android:configChanges="orientation|screenSize"
51-->[:molpayxdk] AndroidManifest.xml:15:13-59
52            android:label="" />
52-->src/main/AndroidManifest.xml:41:13-29
53
54        <provider
54-->[androidx.emoji2:emoji2:1.0.0] AndroidManifest.xml:26:9-34:20
55            android:name="androidx.startup.InitializationProvider"
55-->[androidx.emoji2:emoji2:1.0.0] AndroidManifest.xml:27:13-67
56            android:authorities="com.molpay.molpayxdkproject.androidx-startup"
56-->[androidx.emoji2:emoji2:1.0.0] AndroidManifest.xml:28:13-68
57            android:exported="false" >
57-->[androidx.emoji2:emoji2:1.0.0] AndroidManifest.xml:29:13-37
58            <meta-data
58-->[androidx.emoji2:emoji2:1.0.0] AndroidManifest.xml:31:13-33:52
59                android:name="androidx.emoji2.text.EmojiCompatInitializer"
59-->[androidx.emoji2:emoji2:1.0.0] AndroidManifest.xml:32:17-75
60                android:value="androidx.startup" />
60-->[androidx.emoji2:emoji2:1.0.0] AndroidManifest.xml:33:17-49
61            <meta-data
61-->[androidx.lifecycle:lifecycle-process:2.4.0] AndroidManifest.xml:31:13-33:52
62                android:name="androidx.lifecycle.ProcessLifecycleInitializer"
62-->[androidx.lifecycle:lifecycle-process:2.4.0] AndroidManifest.xml:32:17-78
63                android:value="androidx.startup" />
63-->[androidx.lifecycle:lifecycle-process:2.4.0] AndroidManifest.xml:33:17-49
64        </provider>
65    </application>
66
67</manifest>